1521877370793	geckodriver	INFO	geckodriver 0.19.1
1521877370809	geckodriver	INFO	Listening on 127.0.0.1:9164
1521877373919	mozrunner::runner	INFO	Running command: "D:\\Program Files\\fireFox\\firefox.exe" "-marionette" "-headless" "-profile" "C:\\Users\\dell\\AppData\\Local\\Temp\\rust_mozprofile.Y8R3DFdHLUob"
*** You are running in headless mode.
Unable to read VR Path Registry from C:\Users\dell\AppData\Local\openvr\openvrpaths.vrpath
1521877374631	Marionette	INFO	Enabled via --marionette
Unable to read VR Path Registry from C:\Users\dell\AppData\Local\openvr\openvrpaths.vrpath
Unable to read VR Path Registry from C:\Users\dell\AppData\Local\openvr\openvrpaths.vrpath
Unable to read VR Path Registry from C:\Users\dell\AppData\Local\openvr\openvrpaths.vrpath
1521877376064	Marionette	INFO	Listening on port 9172
1521877377126	Marionette	WARN	TLS certificate errors will be ignored for this session
1521877392889	geckodriver	INFO	geckodriver 0.19.1
1521877392905	geckodriver	INFO	Listening on 127.0.0.1:9200
1521877395999	mozrunner::runner	INFO	Running command: "D:\\Program Files\\fireFox\\firefox.exe" "-marionette" "-headless" "-profile" "C:\\Users\\dell\\AppData\\Local\\Temp\\rust_mozprofile.YHcF8u20EgVP"
*** You are running in headless mode.
Unable to read VR Path Registry from C:\Users\dell\AppData\Local\openvr\openvrpaths.vrpath
1521877396447	Marionette	INFO	Enabled via --marionette
Unable to read VR Path Registry from C:\Users\dell\AppData\Local\openvr\openvrpaths.vrpath
Unable to read VR Path Registry from C:\Users\dell\AppData\Local\openvr\openvrpaths.vrpath
Unable to read VR Path Registry from C:\Users\dell\AppData\Local\openvr\openvrpaths.vrpath
1521877397703	Marionette	INFO	Listening on port 9208
1521877398037	Marionette	WARN	TLS certificate errors will be ignored for this session
1521878109267	addons.productaddons	WARN	Failed downloading via XHR, status: 0, reason: error
127.0.0.1:9265
1521877536379	mozrunner::runner	INFO	Running command: "D:\\Program Files\\fireFox\\firefox.exe" "-marionette" "-profile" "C:\\Users\\dell\\AppData\\Local\\Temp\\rust_mozprofile.WjuCT9MPfm6B"
Unable to read VR Path Registry from C:\Users\dell\AppData\Local\openvr\openvrpaths.vrpath
1521877536886	Marionette	INFO	Enabled via --marionette
Unable to read VR Path Registry from C:\Users\dell\AppData\Local\openvr\openvrpaths.vrpath
Unable to read VR Path Registry from C:\Users\dell\AppData\Local\openvr\openvrpaths.vrpath
Unable to read VR Path Registry from C:\Users\dell\AppData\Local\openvr\openvrpaths.vrpath
Unable to read VR Path Registry from C:\Users\dell\AppData\Local\openvr\openvrpaths.vrpath
1521877538333	Marionette	INFO	Listening on port 9273
1521877538453	Marionette	WARN	TLS certificate errors will be ignored for this session
[Parent 17976, Gecko_IOThread] WARNING: pipe error: 109: file z:/build/build/src/ipc/chromium/src/chrome/common/ipc_channel_win.cc, line 346
[Parent 17976, Gecko_IOThread] WARNING: pipe error: 109: file z:/build/build/src/ipc/chromium/src/chrome/common/ipc_channel_win.cc, line 346
[Child 15436, Chrome_ChildThread] WARNING: pipe error: 109: file z:/build/build/src/ipc/chromium/src/chrome/common/ipc_channel_win.cc, line 346
[Child 1224, Chrome_Chil[Child 15436, CdThread] WARNING: pipe error: 109: file z:/build/build/src/ipc/chromium/src/chrome/common/ipc_channel_win.cc, line 346
[Child 1224, [Parent 17976, Gecko_IOThread] WARNING: pipe error: 109: file z:/build/build/src/ipc/chromium/src/chrome/common/ipc_channel_win.cc, line 346
[Child 11544, Chrome_ChildThread] WARNING: pipe error: 109: file z:/build/build/src/ipc/chromium/src/chrome/common/ipc_channel_win.cc, line 346
[Child 115[GPU 
###!!! [Child][MessageChannel::SendAndWait] Error: Channel error: cannot send/recv

1521877735270	geckodriver	INFO	geckodriver 0.19.1
1521877735286	geckodriver	INFO	Listening on 127.0.0.1:9559
1521877738380	mozrunner::runner	INFO	Running command: "D:\\Program Files\\fireFox\\firefox.exe" "-marionette" "-profile" "C:\\Users\\dell\\AppData\\Local\\Temp\\rust_mozprofile.1MfubqvSVvbO"
Unable to read VR Path Registry from C:\Users\dell\AppData\Local\openvr\openvrpaths.vrpath
1521877738839	Marionette	INFO	Enabled via --marionette
Unable to read VR Path Registry from C:\Users\dell\AppData\Local\openvr\openvrpaths.vrpath
Unable to read VR Path Registry from C:\Users\dell\AppData\Local\openvr\openvrpaths.vrpath
Unable to read VR Path Registry from C:\Users\dell\AppData\Local\openvr\openvrpaths.vrpath
Unable to read VR Path Registry from C:\Users\dell\AppData\Local\openvr\openvrpaths.vrpath
1521877740304	Marionette	INFO	Listening on port 9567
1521877740456	Marionette	WARN	TLS certificate errors will be ignored for this session
1521877931597	geckodriver	INFO	geckodriver 0.19.1
1521877931597	geckodriver	INFO	Listening on 127.0.0.1:9749
1521877934660	mozrunner::runner	INFO	Running command: "D:\\Program Files\\fireFox\\firefox.exe" "-marionette" "-profile" "C:\\Users\\dell\\AppData\\Local\\Temp\\rust_mozprofile.R8RSh1RY6aBd"
Unable to read VR Path Registry from C:\Users\dell\AppData\Local\openvr\openvrpaths.vrpath
1521877935124	Marionette	INFO	Enabled via --marionette
Unable to read VR Path Registry from C:\Users\dell\AppData\Local\openvr\openvrpaths.vrpath
Unable to read VR Path Registry from C:\Users\dell\AppData\Local\openvr\openvrpaths.vrpath
Unable to read VR Path Registry from C:\Users\dell\AppData\Local\openvr\openvrpaths.vrpath
Unable to read VR Path Registry from C:\Users\dell\AppData\Local\openvr\openvrpaths.vrpath
1521877936544	Marionette	INFO	Listening on port 9759
1521877936720	Marionette	WARN	TLS certificate errors will be ignored for this session
[Parent 14056, Gecko_IOThread] WARNING: pipe error: 109: file z:/build/build/src/ipc/chromium/src/chrome/common/ipc_channel_win.cc, line 346
[Child 14696, Chrome_ChildThread] WARNING: pipe error: 109: file z:/build/build/src/ipc/chromium/src/chrome/common/ipc_channel_win.cc, line 346
[Child 14696, Chrome_ChildThread] WARNING: pipe error: 109: file z:/build/build/src/ipc/chromium/src/chrome/common/ipc_channel_win.cc, line 346
1521880610024	geckodriver	INFO	geckodriver 0.19.1
1521880610024	geckodriver	INFO	Listening on 127.0.0.1:12028
1521880613087	mozrunner::runner	INFO	Running command: "D:\\Program Files\\fireFox\\firefox.exe" "-marionette" "-profile" "C:\\Users\\dell\\AppData\\Local\\Temp\\rust_mozprofile.Txke0FnIxJ3v"
Unable to read VR Path Registry from C:\Users\dell\AppData\Local\openvr\openvrpaths.vrpath
1521880613574	Marionette	INFO	Enabled via --marionette
Unable to read VR Path Registry from C:\Users\dell\AppData\Local\openvr\openvrpaths.vrpath
Unable to read VR Path Registry from C:\Users\dell\AppData\Local\openvr\openvrpaths.vrpath
Unable to read VR Path Registry from C:\Users\dell\AppData\Local\openvr\openvrpaths.vrpath
Unable to read VR Path Registry from C:\Users\dell\AppData\Local\openvr\openvrpaths.vrpath
1521880615047	Marionette	INFO	Listening on port 12036
1521880615123	Marionette	WARN	TLS certificate errors will be ignored for this session
1521880667674	addons.productaddons	WARN	Failed downloading via XHR, status: 0, reason: error
[Child 18604, Chrome_ChildThread] WARNING: pipe error: 109: file z:/build/buil[Child 19820, Cdhr/src/ipc/cohromium/src/chromme/common/ipec__channel_win.cc, line 3C46h
ildThread] W[Child 1ARNING: pipe error: 109: file z:/build/build/src/ipc/chromium/src/chrome/common/ipc_channel_win.cc, line 346
[Child 19820, Ch[Parent 19088, Gecko_IOThread] WARNING: pipe error: 109: file z:/build/build/src/ipc/chromium/src/chrome/common/ipc_channel_win.cc, line 346
[Child 11144, Chrome_ChildThread] WARNING: pipe error: 109: file z:/build/build/src/ipc/chromium/src/chrome/common/ipc_channel_win.cc, line 346
[Child 1*** UTM:SVC TimerManager:registerTimer called after profile-before-change notification. Ignoring timer registration for id: telemetry_modules_ping
[GP
###!!! [Child][MessageChannel::SendAndWait] Error: Channel error: cannot send/recv

1521881985487	geckodriver	INFO	geckodriver 0.19.1
1521881985487	geckodriver	INFO	Listening on 127.0.0.1:13321
1521881988596	mozrunner::runner	INFO	Running command: "D:\\Program Files\\fireFox\\firefox.exe" "-marionette" "-profile" "C:\\Users\\dell\\AppData\\Local\\Temp\\rust_mozprofile.5ItG37MzlgmK"
Unable to read VR Path Registry from C:\Users\dell\AppData\Local\openvr\openvrpaths.vrpath
1521881989085	Marionette	INFO	Enabled via --marionette
Unable to read VR Path Registry from C:\Users\dell\AppData\Local\openvr\openvrpaths.vrpath
Unable to read VR Path Registry from C:\Users\dell\AppData\Local\openvr\openvrpaths.vrpath
Unable to read VR Path Registry from C:\Users\dell\AppData\Local\openvr\openvrpaths.vrpath
Unable to read VR Path Registry from C:\Users\dell\AppData\Local\openvr\openvrpaths.vrpath
1521881990637	Marionette	INFO	Listening on port 13329
1521881991741	Marionette	WARN	TLS certificate errors will be ignored for this session
[Parent 11604, Gecko_IOThread] WARNING: pipe error: 109: file z:/build/build/src/ipc/chromium/src/chrome/common/ipc_channel_win.cc, line 346
[Parent 11604, Gecko_IOThread] WARNING: pipe error: 109: file z:/build/build/src/ipc/chromium/src/chrome/common/ipc_channel_win.cc, line 346
[Child 19492, Chrome_ChildThread] WARNING: pipe error: 109: file z:/build/build/src/ipc/chromium/src/chrome/common/ipc_channel_win.cc, line 346
[Child 3068, Chrome_C[hCildThread] WARNING: pipe error: 109: file z:/build/build/src/ipc/chromium/src/chrome/common/ipc_channel_win.cc, line 346
[Child 3068, Chrome_ChildThread] WARNING: pipe error: 109: file z:/build/build/src/ipc/chr*** UTM:SVC TimerManager:registerTimer called after profile-before-change notification. Ignoring timer registration for id: telemetry_modules_ping
[GPU 3820
###!!! [Child][MessageChannel::SendAndWait] Error: Channel error: cannot send/recv

1521882147518	geckodriver	INFO	geckodriver 0.19.1
1521882147518	geckodriver	INFO	Listening on 127.0.0.1:13513
1521882150643	mozrunner::runner	INFO	Running command: "D:\\Program Files\\fireFox\\firefox.exe" "-marionette" "-profile" "C:\\Users\\dell\\AppData\\Local\\Temp\\rust_mozprofile.2SFSdupLe3BY"
Unable to read VR Path Registry from C:\Users\dell\AppData\Local\openvr\openvrpaths.vrpath
1521882151098	Marionette	INFO	Enabled via --marionette
Unable to read VR Path Registry from C:\Users\dell\AppData\Local\openvr\openvrpaths.vrpath
Unable to read VR Path Registry from C:\Users\dell\AppData\Local\openvr\openvrpaths.vrpath
Unable to read VR Path Registry from C:\Users\dell\AppData\Local\openvr\openvrpaths.vrpath
Unable to read VR Path Registry from C:\Users\dell\AppData\Local\openvr\openvrpaths.vrpath
1521882152589	Marionette	INFO	Listening on port 13521
1521882152700	Marionette	WARN	TLS certificate errors will be ignored for this session
[Child 18232, Chrome_ChildThread] WARNING: pipe error: 109: file z:/build/build/src/ipc/chromium/src/chrome/common/ipc_cha[Child 15560,nnel_ Chrome_ChildThread] WARNING: pipe error: 109: file z:/build/build/src/ipc/chromium/src/chrome/common/ipwc_chanin.cc, lnine 346
e[Child 18232, Chrome_Childl_win.cc, line 346
[Child 15560, Chrome_ChildThread] WARNING: pipe error: 109: file z:/build/build[Parent 13496, Gecko_IOThread] WARNING: pipe error: 109: file z:/build/build/src/ipc/chromium/src/chrome/common/ipc_channel_win.cc, line 346
[Child 18312, Chrome_ChildThread] WARNING: pipe error: 109: file z:/build/build/src/ipc/chromium/src/chrome/common/ipc_channel_win.cc, line 346
[Child 18312*** UTM:SVC TimerManager:registerTimer called after profile-before-change notification. Ignoring timer registration for id: telemetry_modules_ping

###!!! [Child][MessageChannel::SendAndWait] Error: Channel error: cannot send/recv

1521967065934	geckodriver	INFO	geckodriver 0.19.1
1521967065949	geckodriver	INFO	Listening on 127.0.0.1:2323
1521967069050	mozrunner::runner	INFO	Running command: "D:\\Program Files\\fireFox\\firefox.exe" "-marionette" "-profile" "C:\\Users\\dell\\AppData\\Local\\Temp\\rust_mozprofile.Gfy3lw0yWB3Q"
Unable to read VR Path Registry from C:\Users\dell\AppData\Local\openvr\openvrpaths.vrpath
1521967070468	Marionette	INFO	Enabled via --marionette
Unable to read VR Path Registry from C:\Users\dell\AppData\Local\openvr\openvrpaths.vrpath
Unable to read VR Path Registry from C:\Users\dell\AppData\Local\openvr\openvrpaths.vrpath
Unable to read VR Path Registry from C:\Users\dell\AppData\Local\openvr\openvrpaths.vrpath
Unable to read VR Path Registry from C:\Users\dell\AppData\Local\openvr\openvrpaths.vrpath
1521967073266	Marionette	INFO	Listening on port 2332
1521967074298	Marionette	WARN	TLS certificate errors will be ignored for this session
[Parent 11444, Gecko_IOThread] WARNING: pipe error: 109: file z:/build/build/src/ipc/chromium/src/chrome/common/ipc_channel_win.cc, line 346
[Parent 11444, Gecko_IOThread] WARNING: pipe error: 109: file z:/build/build/src/ipc/chromium/src/chrome/common/ipc_channel_win.cc, line 346
[Child 15256, Chrome_ChildThread] WARNING: pipe error: 109: [Cfhiile z:/build/build/src/ipc/chromium/lsrc/chrome/common/ipc_channel_dw 4076, Chrome_CihildThread] WARNING: pipe error: 109: file z:/builnd.cc, line 346/build/src/ip
c/chromium/src/chro[me/common/ipc_channel_win.cc, line 346
[Child 4076, Chrome_ChildThread] WARNING: pipe error: 109: file z:/build/build/src/ipc/chromium/sr[Parent 11444, Gecko_IOThread] WARNING: pipe error: 109: file z:/build/build/src/ipc/chromium/src/chrome/common/ipc_channel_win.cc, line 346
[Child 13520, Chrome_ChildThread] WARNING: pipe error: 109: file z:/build/build/src/ipc/chromium/src/chrome/common/ipc_channel_win.cc, line 346
[Child 131521967122050	geckodriver	INFO	geckodriver 0.19.1
1521967122058	geckodriver	INFO	Listening on 127.0.0.1:2493
1521967125144	mozrunner::runner	INFO	Running command: "D:\\Program Files\\fireFox\\firefox.exe" "-marionette" "-profile" "C:\\Users\\dell\\AppData\\Local\\Temp\\rust_mozprofile.6OKnXycfPYef"
Unable to read VR Path Registry from C:\Users\dell\AppData\Local\openvr\openvrpaths.vrpath
1521967125701	Marionette	INFO	Enabled via --marionette
Unable to read VR Path Registry from C:\Users\dell\AppData\Local\openvr\openvrpaths.vrpath
Unable to read VR Path Registry from C:\Users\dell\AppData\Local\openvr\openvrpaths.vrpath
Unable to read VR Path Registry from C:\Users\dell\AppData\Local\openvr\openvrpaths.vrpath
Unable to read VR Path Registry from C:\Users\dell\AppData\Local\openvr\openvrpaths.vrpath
1521967127413	Marionette	INFO	Listening on port 2506
1521967128284	Marionette	WARN	TLS certificate errors will be ignored for this session
[Parent 13204, Gecko_IOThread] WARNING: pipe error: 109: file z:/build/build/src/ipc/chromium/src/chrome/common/ipc_channel_win.cc, line 346
[Parent 13204, Gecko_IOThread] WARNING: pipe error: 109: file z:/build/build/src/ipc/chromium/src/chrome/common/ipc_channel_win.cc, line 346
[Child 6588, Chrome_ChildThread] WARNING: pipe error: 109: file z:/build/build/src/ipc/chromium/src/[Child 16552,c hrome/common/ipc_channel_win.cc, line 346C
hrome_ChildThread] WARNING: pipe error: 109: file z:/build/build/src/ipc/chromium/src/chrome/common/ipc_channel_win.cc, line 346
[Child 16552, C[Parent 13204, Gecko_IOThread] WARNING: pipe error: 109: file z:/build/build/src/ipc/chromium/src/chrome/common/ipc_channel_win.cc, line 346
[Child 6832, Chrome_ChildThread] WARNING: pipe error: 109: file z:/build/build/src/ipc/chromium/src/chrome/common/ipc_channel_win.cc, line 346
[Child *** UTM:SVC TimerManager:registerTimer called after profile-before-change notification. Ignoring timer registration for id: telemetry_modules_ping

###!!! [Child][MessageChannel::SendAndWait] Error: Channel error: cannot send/recv

1521967173850	geckodriver	INFO	geckodriver 0.19.1
1521967173859	geckodriver	INFO	Listening on 127.0.0.1:2650
1521967176964	mozrunner::runner	INFO	Running command: "D:\\Program Files\\fireFox\\firefox.exe" "-marionette" "-profile" "C:\\Users\\dell\\AppData\\Local\\Temp\\rust_mozprofile.4Uo7aHAjJQzP"
Unable to read VR Path Registry from C:\Users\dell\AppData\Local\openvr\openvrpaths.vrpath
1521967177528	Marionette	INFO	Enabled via --marionette
Unable to read VR Path Registry from C:\Users\dell\AppData\Local\openvr\openvrpaths.vrpath
Unable to read VR Path Registry from C:\Users\dell\AppData\Local\openvr\openvrpaths.vrpath
Unable to read VR Path Registry from C:\Users\dell\AppData\Local\openvr\openvrpaths.vrpath
Unable to read VR Path Registry from C:\Users\dell\AppData\Local\openvr\openvrpaths.vrpath
1521967179324	Marionette	INFO	Listening on port 2658
1521967180103	Marionette	WARN	TLS certificate errors will be ignored for this session
JavaScript error: , line 0: TypeError: NetworkError when attempting to fetch resource.
[Child 15744, Chrome_ChildThread] WARNING: pipe error: 109: file z:/build/build/src/ipc/chromium/src/chrome/common/ipc_channel_win[.Child 7660, cc, line 346
[Child 157Chrome_ChildThread] WARNING: pipe error: 109: file z:/build/build/src/ipc/chromium/src/chrome/common/ipc_channel_win.cc, line 346
[Child 7660, Chrome[Child 166*** UTM:SVC TimerManager:registerTimer called after profile-before-change notification. Ignoring timer registration for id: telemetry_modules_ping
JavaScript error: resource://gre/modules/osfile/osfile_async_front.jsm, line 410: Error: OS.File has been shut down. Rejecting post to DirectoryIterator_prototype_close
JavaScript error: resource://gre/modules/osfile/osfile_async_front.jsm, line 426: Error: OS.File has been shut down. Rejecting request to new_DirectoryIterator
[GPU 1
###!!! [Child][MessageChannel::SendAndWait] Error: Channel error: cannot send/recv

1521967234973	geckodriver::marionette	ERROR	Failed to kill browser process
1521979202986	geckodriver	INFO	geckodriver 0.19.1
1521979203007	geckodriver	INFO	Listening on 127.0.0.1:9469
1521979206082	mozrunner::runner	INFO	Running command: "D:\\Program Files\\fireFox\\firefox.exe" "-marionette" "-profile" "C:\\Users\\dell\\AppData\\Local\\Temp\\rust_mozprofile.MQzsMvEtxbNn"
Unable to read VR Path Registry from C:\Users\dell\AppData\Local\openvr\openvrpaths.vrpath
1521979207414	Marionette	INFO	Enabled via --marionette
Unable to read VR Path Registry from C:\Users\dell\AppData\Local\openvr\openvrpaths.vrpath
Unable to read VR Path Registry from C:\Users\dell\AppData\Local\openvr\openvrpaths.vrpath
Unable to read VR Path Registry from C:\Users\dell\AppData\Local\openvr\openvrpaths.vrpath
Unable to read VR Path Registry from C:\Users\dell\AppData\Local\openvr\openvrpaths.vrpath
1521979210172	Marionette	INFO	Listening on port 9477
1521979210254	Marionette	WARN	TLS certificate errors will be ignored for this session
[Parent 17004, Gecko_IOThread] WARNING: pipe error: 109: file z:/build/build/src/ipc/chromium/src/chrome/common/ipc_channel_win.cc, line 346
[Parent 17004, Gecko_IOThread] WARNING: pipe error: 109: file z:/build/build/src/ipc/chromium/src/chrome/common/ipc_channel_win.cc, line 346
[Child 17832, Chrome_ChildThread] WARNING: pipe error: 109: file z:/build/build/src/ipc/chromium/src/chrome/common/ipc_channel_win.cc, line 346
[Child *** UTM:SVC TimerManager:registerTimer called after profile-before-change notification. Ignoring timer registration for id: telemetry_modules_ping
1521979241243	geckodriver	INFO	geckodriver 0.19.1
1521979241253	geckodriver	INFO	Listening on 127.0.0.1:9587
1521979244341	mozrunner::runner	INFO	Running command: "D:\\Program Files\\fireFox\\firefox.exe" "-marionette" "-profile" "C:\\Users\\dell\\AppData\\Local\\Temp\\rust_mozprofile.sr5NcelVJiS1"
Unable to read VR Path Registry from C:\Users\dell\AppData\Local\openvr\openvrpaths.vrpath
1521979244898	Marionette	INFO	Enabled via --marionette
Unable to read VR Path Registry from C:\Users\dell\AppData\Local\openvr\openvrpaths.vrpath
Unable to read VR Path Registry from C:\Users\dell\AppData\Local\openvr\openvrpaths.vrpath
Unable to read VR Path Registry from C:\Users\dell\AppData\Local\openvr\openvrpaths.vrpath
Unable to read VR Path Registry from C:\Users\dell\AppData\Local\openvr\openvrpaths.vrpath
1521979246694	Marionette	INFO	Listening on port 9597
1521979247480	Marionette	WARN	TLS certificate errors will be ignored for this session
[Parent 18096, Gecko_IOThread] WARNING: pipe error: 109: file z:/build/build/src/ipc/chromium/src/chrome/common/ipc_channel_win.cc, line 346
[Parent 18096, Gecko_IOThread] WARNING: pipe error: 109: file z:/build/build/src/ipc/chromium/src/chrome/common/ipc_channel_win.cc, line 346
[Child 15188, Chrome_ChildThread] WARNING: pipe error: 109: file z:/build/build/src/ipc/chromium/src/chrome/common/ipc_channel_win.cc, line 346
[Child 1[Parent 18096, Gecko_IOThread] WARNING: pipe error: 109: file z:/build/build/src/ipc/chromium/src/chrome/common/ipc_channel_win.cc, line 346
[Child 15940, Chrome_ChildThread] WARNING: pipe error: 109: file z:/build/build/src/ipc/chromium/src/chrome/common/ipc_channel_win.cc, line 346
[Child 11522591864039	geckodriver	INFO	geckodriver 0.19.1
1522591864055	geckodriver	INFO	Listening on 127.0.0.1:14814
1522591867102	mozrunner::runner	INFO	Running command: "D:\\Program Files\\fireFox\\firefox.exe" "-marionette" "-headless" "-profile" "C:\\Users\\dell\\AppData\\Local\\Temp\\rust_mozprofile.crNDF8VqiKoS"
*** You are running in headless mode.
Unable to read VR Path Registry from C:\Users\dell\AppData\Local\openvr\openvrpaths.vrpath
1522591867830	Marionette	INFO	Enabled via --marionette
Unable to read VR Path Registry from C:\Users\dell\AppData\Local\openvr\openvrpaths.vrpath
Unable to read VR Path Registry from C:\Users\dell\AppData\Local\openvr\openvrpaths.vrpath
Unable to read VR Path Registry from C:\Users\dell\AppData\Local\openvr\openvrpaths.vrpath
1522591869226	Marionette	INFO	Listening on port 14824
1522591870325	Marionette	WARN	TLS certificate errors will be ignored for this session
1522660135589	geckodriver	INFO	geckodriver 0.19.1
1522660135597	geckodriver	INFO	Listening on 127.0.0.1:3180
1522660138690	mozrunner::runner	INFO	Running command: "D:\\Program Files\\fireFox\\firefox.exe" "-marionette" "-profile" "C:\\Users\\dell\\AppData\\Local\\Temp\\rust_mozprofile.xJISdI5LN3l5"
Unable to read VR Path Registry from C:\Users\dell\AppData\Local\openvr\openvrpaths.vrpath
1522660139367	Marionette	INFO	Enabled via --marionette
Unable to read VR Path Registry from C:\Users\dell\AppData\Local\openvr\openvrpaths.vrpath
Unable to read VR Path Registry from C:\Users\dell\AppData\Local\openvr\openvrpaths.vrpath
Unable to read VR Path Registry from C:\Users\dell\AppData\Local\openvr\openvrpaths.vrpath
Unable to read VR Path Registry from C:\Users\dell\AppData\Local\openvr\openvrpaths.vrpath
1522660141034	Marionette	INFO	Listening on port 3188
1522660141814	Marionette	WARN	TLS certificate errors will be ignored for this session
[Parent 16264, Gecko_IOThread] WARNING: pipe error: 109: file z:/build/build/src/ipc/chromium/src/chrome/common/ipc_channel_win.cc, line 346
[Parent 16264, Gecko_IOThread] WARNING: pipe error: 109: file z:/build/build/src/ipc/chromium/src/chrome/common/ipc_channel_win.cc, line 346
[Child 18012, Chrome_ChildThread] WARNING: pipe error: 109: file z:/build/build/src/ipc/chromium/src/chrome/common/ip[cChild 17540,_channel_win.cc, line 346 Chrome_ChildThread] WARNING: pipe erro
r: 109: file z:/build/build/src/ipc/chromium/src/chrome/common/ipc_channel_win.cc, line 346
[Child 17540, Chrome_ChildThread] WARNING: pipe error: 109: file z:/build/build/src/ipc[Parent 16264, Gecko_IOThread] WARNING: pipe error: 109: file z:/build/build/src/ipc/chromium/src/chrome/common/ipc_channel_win.cc, line 346
[Child 15816, Chrome_ChildThread] WARNING: pipe error: 109: file z:/build/build/src/ipc/chromium/src/chrome/common/ipc_channel_win.cc, line 346
[Child 1*** UTM:SVC TimerManager:registerTimer called after profile-before-change notification. Ignoring timer registration for id: telemetry_modules_ping
[GPU 7328, 
###!!! [Child][MessageChannel::SendAndWait] Error: Channel error: cannot send/recv

1522660170805	geckodriver	INFO	geckodriver 0.19.1
1522660170812	geckodriver	INFO	Listening on 127.0.0.1:3219
1522660173894	mozrunner::runner	INFO	Running command: "D:\\Program Files\\fireFox\\firefox.exe" "-marionette" "-profile" "C:\\Users\\dell\\AppData\\Local\\Temp\\rust_mozprofile.xqJT42UrTwjD"
Unable to read VR Path Registry from C:\Users\dell\AppData\Local\openvr\openvrpaths.vrpath
1522660174395	Marionette	INFO	Enabled via --marionette
Unable to read VR Path Registry from C:\Users\dell\AppData\Local\openvr\openvrpaths.vrpath
Unable to read VR Path Registry from C:\Users\dell\AppData\Local\openvr\openvrpaths.vrpath
Unable to read VR Path Registry from C:\Users\dell\AppData\Local\openvr\openvrpaths.vrpath
Unable to read VR Path Registry from C:\Users\dell\AppData\Local\openvr\openvrpaths.vrpath
1522660175868	Marionette	INFO	Listening on port 3227
1522660175930	Marionette	WARN	TLS certificate errors will be ignored for this session
[Child 6432, Chrome_ChildThread] WARNING: pipe error: 109: file z:/build/build/src/ipc/chromium/[Child 7664, Chrome_sChildThread] WARNING: pipe error: 109: file z:/build/build/src/ipc/chromirum/src/chrome/common/ipc_chacnnel_win.cc, line 346/chrome/common/ipc_channel_win.cc,
 line 346
[Child 7664, Chrome_Chil[C[Child 10628, Chrome_ChildThread] WARNING: pipe error: 109: file z:/build/build/src/ipc/chromium/src/chrome/common/ipc_channel_win.cc, line 346
[Child 10628, Chrome_ChildThread] WARNING: *** UTM:SVC TimerManager:registerTimer called after profile-before-change notification. Ignoring timer registration for id: telemetry_modules_ping
[GP
###!!! [Child][MessageChannel::SendAndWait] Error: Channel error: cannot send/recv

1522660203705	geckodriver	INFO	geckodriver 0.19.1
1522660203713	geckodriver	INFO	Listening on 127.0.0.1:3265
1522660206801	mozrunner::runner	INFO	Running command: "D:\\Program Files\\fireFox\\firefox.exe" "-marionette" "-profile" "C:\\Users\\dell\\AppData\\Local\\Temp\\rust_mozprofile.2kZaP8ZNFHMe"
Unable to read VR Path Registry from C:\Users\dell\AppData\Local\openvr\openvrpaths.vrpath
1522660207275	Marionette	INFO	Enabled via --marionette
Unable to read VR Path Registry from C:\Users\dell\AppData\Local\openvr\openvrpaths.vrpath
Unable to read VR Path Registry from C:\Users\dell\AppData\Local\openvr\openvrpaths.vrpath
Unable to read VR Path Registry from C:\Users\dell\AppData\Local\openvr\openvrpaths.vrpath
Unable to read VR Path Registry from C:\Users\dell\AppData\Local\openvr\openvrpaths.vrpath
1522660208743	Marionette	INFO	Listening on port 3276
1522660208820	Marionette	WARN	TLS certificate errors will be ignored for this session
[Parent 19016, Gecko_IOThread] WARNING: pipe error: 109: file z:/build/build/src/ipc/chromium/src/chrome/common/ipc_channel_win.cc, line 346
[Parent 19016, Gecko_IOThread] WARNING: pipe error: 109: file z:/build/build/src/ipc/chromium/src/chrome/common/ipc_channel_win.cc, line 346
1522661287344	geckodriver	INFO	geckodriver 0.19.1
1522661287352	geckodriver	INFO	Listening on 127.0.0.1:4043
1522661290432	mozrunner::runner	INFO	Running command: "D:\\Program Files\\fireFox\\firefox.exe" "-marionette" "-profile" "C:\\Users\\dell\\AppData\\Local\\Temp\\rust_mozprofile.2VRPzfG2WI9s"
Unable to read VR Path Registry from C:\Users\dell\AppData\Local\openvr\openvrpaths.vrpath
1522661290962	Marionette	INFO	Enabled via --marionette
Unable to read VR Path Registry from C:\Users\dell\AppData\Local\openvr\openvrpaths.vrpath
Unable to read VR Path Registry from C:\Users\dell\AppData\Local\openvr\openvrpaths.vrpath
Unable to read VR Path Registry from C:\Users\dell\AppData\Local\openvr\openvrpaths.vrpath
Unable to read VR Path Registry from C:\Users\dell\AppData\Local\openvr\openvrpaths.vrpath
1522661292540	Marionette	INFO	Listening on port 4051
1522661293552	Marionette	WARN	TLS certificate errors will be ignored for this session
[Parent 16780, Gecko_IOThread] WARNING: pipe error: 109: file z:/build/build/src/ipc/chromium/src/chrome/common/ipc_channel_win.cc, line 346
1522662199433	geckodriver	INFO	geckodriver 0.19.1
1522662199442	geckodriver	INFO	Listening on 127.0.0.1:4881
1522662202528	mozrunner::runner	INFO	Running command: "D:\\Program Files\\fireFox\\firefox.exe" "-marionette" "-headless" "-profile" "C:\\Users\\dell\\AppData\\Local\\Temp\\rust_mozprofile.NdwNtZOeaGxF"
*** You are running in headless mode.
Unable to read VR Path Registry from C:\Users\dell\AppData\Local\openvr\openvrpaths.vrpath
1522662203015	Marionette	INFO	Enabled via --marionette
Unable to read VR Path Registry from C:\Users\dell\AppData\Local\openvr\openvrpaths.vrpath
Unable to read VR Path Registry from C:\Users\dell\AppData\Local\openvr\openvrpaths.vrpath
Unable to read VR Path Registry from C:\Users\dell\AppData\Local\openvr\openvrpaths.vrpath
1522662204318	Marionette	INFO	Listening on port 4889
1522662204558	Marionette	WARN	TLS certificate errors will be ignored for this session
1522662311393	geckodriver	INFO	geckodriver 0.19.1
1522662311401	geckodriver	INFO	Listening on 127.0.0.1:4966
1522662314484	mozrunner::runner	INFO	Running command: "D:\\Program Files\\fireFox\\firefox.exe" "-marionette" "-headless" "-profile" "C:\\Users\\dell\\AppData\\Local\\Temp\\rust_mozprofile.I5TJULntwK1E"
*** You are running in headless mode.
Unable to read VR Path Registry from C:\Users\dell\AppData\Local\openvr\openvrpaths.vrpath
1522662314956	Marionette	INFO	Enabled via --marionette
Unable to read VR Path Registry from C:\Users\dell\AppData\Local\openvr\openvrpaths.vrpath
Unable to read VR Path Registry from C:\Users\dell\AppData\Local\openvr\openvrpaths.vrpath
Unable to read VR Path Registry from C:\Users\dell\AppData\Local\openvr\openvrpaths.vrpath
1522662316248	Marionette	INFO	Listening on port 4974
1522662316501	Marionette	WARN	TLS certificate errors will be ignored for this session
1522662349922	geckodriver	INFO	geckodriver 0.19.1
1522662349931	geckodriver	INFO	Listening on 127.0.0.1:5071
1522662353003	mozrunner::runner	INFO	Running command: "D:\\Program Files\\fireFox\\firefox.exe" "-marionette" "-headless" "-profile" "C:\\Users\\dell\\AppData\\Local\\Temp\\rust_mozprofile.0ZqAVslqU61m"
*** You are running in headless mode.
Unable to read VR Path Registry from C:\Users\dell\AppData\Local\openvr\openvrpaths.vrpath
1522662353479	Marionette	INFO	Enabled via --marionette
Unable to read VR Path Registry from C:\Users\dell\AppData\Local\openvr\openvrpaths.vrpath
Unable to read VR Path Registry from C:\Users\dell\AppData\Local\openvr\openvrpaths.vrpath
Unable to read VR Path Registry from C:\Users\dell\AppData\Local\openvr\openvrpaths.vrpath
1522662354759	Marionette	INFO	Listening on port 5079
1522662355020	Marionette	WARN	TLS certificate errors will be ignored for this session
1522662374483	geckodriver	INFO	geckodriver 0.19.1
1522662374490	geckodriver	INFO	Listening on 127.0.0.1:5142
1522662377582	mozrunner::runner	INFO	Running command: "D:\\Program Files\\fireFox\\firefox.exe" "-marionette" "-headless" "-profile" "C:\\Users\\dell\\AppData\\Local\\Temp\\rust_mozprofile.VYdEAPzIkGW7"
*** You are running in headless mode.
Unable to read VR Path Registry from C:\Users\dell\AppData\Local\openvr\openvrpaths.vrpath
1522662378061	Marionette	INFO	Enabled via --marionette
Unable to read VR Path Registry from C:\Users\dell\AppData\Local\openvr\openvrpaths.vrpath
Unable to read VR Path Registry from C:\Users\dell\AppData\Local\openvr\openvrpaths.vrpath
Unable to read VR Path Registry from C:\Users\dell\AppData\Local\openvr\openvrpaths.vrpath
1522662379346	Marionette	INFO	Listening on port 5151
1522662379602	Marionette	WARN	TLS certificate errors will be ignored for this session
1522662466240	geckodriver	INFO	geckodriver 0.19.1
1522662466247	geckodriver	INFO	Listening on 127.0.0.1:5201
1522662469341	mozrunner::runner	INFO	Running command: "D:\\Program Files\\fireFox\\firefox.exe" "-marionette" "-profile" "C:\\Users\\dell\\AppData\\Local\\Temp\\rust_mozprofile.42AVuNUwH6d3"
Unable to read VR Path Registry from C:\Users\dell\AppData\Local\openvr\openvrpaths.vrpath
1522662469832	Marionette	INFO	Enabled via --marionette
Unable to read VR Path Registry from C:\Users\dell\AppData\Local\openvr\openvrpaths.vrpath
Unable to read VR Path Registry from C:\Users\dell\AppData\Local\openvr\openvrpaths.vrpath
Unable to read VR Path Registry from C:\Users\dell\AppData\Local\openvr\openvrpaths.vrpath
Unable to read VR Path Registry from C:\Users\dell\AppData\Local\openvr\openvrpaths.vrpath
1522662471271	Marionette	INFO	Listening on port 5209
1522662471359	Marionette	WARN	TLS certificate errors will be ignored for this session
[Parent 13788, Gecko_IOThread] WARNING: pipe error: 109: file z:/build/build/src/ipc/chromium/src/chrome/common/ipc_channel_win.cc, line 346
[Parent 13788, Gecko_IOThread] WARNING: pipe error: 109: file z:/build/build/src/ipc/chromium/src/chrome/common/ipc_channel_win.cc, line 346
[Child 9560, Chrome_ChildThread] WARNING: pipe error: 109: file z:/build/build/src/ipc/chromium/src/chr[oChild 13492, Chrome_ChildThread] WARNING: pimpe error: 109: file z:/build/build/src/ipc/chromium/src/chrome/common/ipc_channel_win.cc, line 346e
/common/ipc_channel_wi[Chin.cc, line 346
[Child 9560, Chrome_ChildThread] WARNING: pipe error: 109: file [Parent 13788, Gecko_IOThread] WARNING: pipe error: 109: file z:/build/build/src/ipc/chromium/src/chrome/common/ipc_channel_win.cc, line 346
[Child 10540, Chrome_ChildThread] WARNING: pipe error: 109: file z:/build/build/src/ipc/chromium/src/chrome/common/ipc_channel_win.cc, line 346
[Chil*** UTM:SVC TimerManager:registerTimer called after profile-before-change notification. Ignoring timer registration for id: telemetry_modules_ping

###!!! [Child][MessageChannel::SendAndWait] Error: Channel error: cannot send/recv

1522662506099	geckodriver	INFO	geckodriver 0.19.1
1522662506106	geckodriver	INFO	Listening on 127.0.0.1:5294
1522662509188	mozrunner::runner	INFO	Running command: "D:\\Program Files\\fireFox\\firefox.exe" "-marionette" "-profile" "C:\\Users\\dell\\AppData\\Local\\Temp\\rust_mozprofile.g71iMm2W8Xzr"
Unable to read VR Path Registry from C:\Users\dell\AppData\Local\openvr\openvrpaths.vrpath
1522662509678	Marionette	INFO	Enabled via --marionette
Unable to read VR Path Registry from C:\Users\dell\AppData\Local\openvr\openvrpaths.vrpath
Unable to read VR Path Registry from C:\Users\dell\AppData\Local\openvr\openvrpaths.vrpath
Unable to read VR Path Registry from C:\Users\dell\AppData\Local\openvr\openvrpaths.vrpath
Unable to read VR Path Registry from C:\Users\dell\AppData\Local\openvr\openvrpaths.vrpath
1522662511165	Marionette	INFO	Listening on port 5311
1522662511225	Marionette	WARN	TLS certificate errors will be ignored for this session
1522662576692	geckodriver	INFO	geckodriver 0.19.1
1522662576701	geckodriver	INFO	Listening on 127.0.0.1:5360
1522662579783	mozrunner::runner	INFO	Running command: "D:\\Program Files\\fireFox\\firefox.exe" "-marionette" "-profile" "C:\\Users\\dell\\AppData\\Local\\Temp\\rust_mozprofile.GFvwh0qXG64m"
Unable to read VR Path Registry from C:\Users\dell\AppData\Local\openvr\openvrpaths.vrpath
1522662580280	Marionette	INFO	Enabled via --marionette
Unable to read VR Path Registry from C:\Users\dell\AppData\Local\openvr\openvrpaths.vrpath
Unable to read VR Path Registry from C:\Users\dell\AppData\Local\openvr\openvrpaths.vrpath
Unable to read VR Path Registry from C:\Users\dell\AppData\Local\openvr\openvrpaths.vrpath
Unable to read VR Path Registry from C:\Users\dell\AppData\Local\openvr\openvrpaths.vrpath
1522662581890	Marionette	INFO	Listening on port 5372
1522662582904	Marionette	WARN	TLS certificate errors will be ignored for this session
[Parent 19324, Gecko_IOThread] WARNING: pipe error: 109: file z:/build/build/src/ipc/chromium/src/chrome/common/ipc_channel_win.cc, line 346
[Child 19836, Chrome_ChildThread] WARNING: pipe error: 109: file z:/build/build/src/ipc/chrom[ium/src/chrome/common/ipc_channel_win.cc, line 346
Child 16876, Chrome_ChildThread] WARNING: pipe error: 109: file z:/build/build/src/ipc/chromium/src/chrome/common/ipc_channel_win.cc, line 346
[Child 16876, Chro[Child 14424, Chrome_ChildThread] WARNING: pipe error: 109: file z:/build/build/src/ipc/chromium/src/chrome/common/ipc_channel_win.cc, line 346
[Chil*** UTM:SVC TimerManager:registerTimer called after profile-before-change notification. Ignoring timer registration for id: telemetry_modules_ping
[GPU
###!!! [Child][MessageChannel::SendAndWait] Error: Channel error: cannot send/recv

1522662618032	geckodriver	INFO	geckodriver 0.19.1
1522662618041	geckodriver	INFO	Listening on 127.0.0.1:5455
1522662621124	mozrunner::runner	INFO	Running command: "D:\\Program Files\\fireFox\\firefox.exe" "-marionette" "-profile" "C:\\Users\\dell\\AppData\\Local\\Temp\\rust_mozprofile.gs2TPtZ3t7Ij"
Unable to read VR Path Registry from C:\Users\dell\AppData\Local\openvr\openvrpaths.vrpath
1522662621631	Marionette	INFO	Enabled via --marionette
Unable to read VR Path Registry from C:\Users\dell\AppData\Local\openvr\openvrpaths.vrpath
Unable to read VR Path Registry from C:\Users\dell\AppData\Local\openvr\openvrpaths.vrpath
Unable to read VR Path Registry from C:\Users\dell\AppData\Local\openvr\openvrpaths.vrpath
Unable to read VR Path Registry from C:\Users\dell\AppData\Local\openvr\openvrpaths.vrpath
1522662623040	Marionette	INFO	Listening on port 5467
1522662623152	Marionette	WARN	TLS certificate errors will be ignored for this session
[Parent 4576, Gecko_IOThread] WARNING: pipe error: 109: file z:/build/build/src/ipc/chromium/src/chrome/common/ipc_channel_win.cc, line 346
[Parent 4576, Gecko_IOThread] WARNING: pipe error: 109: file z:/build/build/src/ipc/chromium/src/chrome/common/ipc_channel_win.cc, line 346
[Child 17928, Chrome_ChildThread] WARNING: pipe error: 109: file z:/build/build/src/ipc/chromium/src/ch[Chilrome/common/ipc_channel_win.cc, line 346d 12184, Chrome_ChildThread] WAR
NING: pipe error: 109: file z:/build/build/src/ipc/chromium/src/chrome/common/ipc_channel_win.cc, line 346
[Child 12184, Chr[Child 12500, Chrome_ChildThread] WARNING: pipe error: 109: file z:/build/build/src/ipc/chromium/src/chrome/common/ipc_channel_win.cc, line 346
[Child *** UTM:SVC TimerManager:registerTimer called after profile-before-change notification. Ignoring timer registration for id: telemetry_modules_ping
[GPU 17
###!!! [Child][MessageChannel::SendAndWait] Error: Channel error: cannot send/recv

