1521036446104	geckodriver	INFO	geckodriver 0.19.1
1521036446111	geckodriver	INFO	Listening on 127.0.0.1:2786
1521036449223	mozrunner::runner	INFO	Running command: "D:\\Program Files\\fireFox\\firefox.exe" "-marionette" "-profile" "C:\\Users\\dell\\AppData\\Local\\Temp\\rust_mozprofile.oSfbcPLejz70"
Unable to read VR Path Registry from C:\Users\dell\AppData\Local\openvr\openvrpaths.vrpath
1521036450018	Marionette	INFO	Enabled via --marionette
Unable to read VR Path Registry from C:\Users\dell\AppData\Local\openvr\openvrpaths.vrpath
Unable to read VR Path Registry from C:\Users\dell\AppData\Local\openvr\openvrpaths.vrpath
Unable to read VR Path Registry from C:\Users\dell\AppData\Local\openvr\openvrpaths.vrpath
Unable to read VR Path Registry from C:\Users\dell\AppData\Local\openvr\openvrpaths.vrpath
1521036451754	Marionette	INFO	Listening on port 2799
1521036452398	Marionette	WARN	TLS certificate errors will be ignored for this session
[Parent 2736, Gecko_IOThread] WARNING: pipe error: 109: file z:/build/build/src/ipc/chromium/src/chrome/common/ipc_channel_win.cc, line 346
[Child 8980, Chrome_ChildThread] WARNING: pipe error: 109: file z:/build/build/src/ipc/chromium/src/chrome/common/ipc_channel_win.cc, line 346
[Child 8980, Chr[Child 11696, Chrome_ChildThread] WARNING: pipe error: 109: file z:/build/build/src/ipc/chromium/src/chrome/common/ipc_channel_win.cc, line 346
[Child 11696, C[Parent 2736, Gecko_IOThread] WARNING: pipe error: 109: file z:/build/build/src/ipc/chromium/src/chrome/common/ipc_channel_win.cc, line 346
[Child 9284, Chrome_ChildThread] WARNING: pipe error: 109: file z:/build/build/src/ipc/chromium/src/chrome/common/ipc_channel_win.cc, line 346
[Child 9284, Chr*** UTM:SVC TimerManager:registerTimer called after profile-before-change notification. Ignoring timer registration for id: telemetry_modules_ping
[GPU
###!!! [Child][MessageChannel::SendAndWait] Error: Channel error: cannot send/recv

1521037371810	geckodriver	INFO	geckodriver 0.19.1
1521037371815	geckodriver	INFO	Listening on 127.0.0.1:2950
1521037374892	mozrunner::runner	INFO	Running command: "D:\\Program Files\\fireFox\\firefox.exe" "-marionette" "-profile" "C:\\Users\\dell\\AppData\\Local\\Temp\\rust_mozprofile.3YL32HI8QIjJ"
Unable to read VR Path Registry from C:\Users\dell\AppData\Local\openvr\openvrpaths.vrpath
1521037375377	Marionette	INFO	Enabled via --marionette
Unable to read VR Path Registry from C:\Users\dell\AppData\Local\openvr\openvrpaths.vrpath
Unable to read VR Path Registry from C:\Users\dell\AppData\Local\openvr\openvrpaths.vrpath
Unable to read VR Path Registry from C:\Users\dell\AppData\Local\openvr\openvrpaths.vrpath
Unable to read VR Path Registry from C:\Users\dell\AppData\Local\openvr\openvrpaths.vrpath
1521037376871	Marionette	INFO	Listening on port 2958
1521037376954	Marionette	WARN	TLS certificate errors will be ignored for this session
1521037377527	addons.xpi	WARN	Exception running bootstrap method shutdown on activity-stream@mozilla.org: [Exception... "Component returned failure code: 0x80004005 (NS_ERROR_FAILURE) [nsIObserverService.removeObserver]"  nsresult: "0x80004005 (NS_ERROR_FAILURE)"  location: "JS frame :: resource://activity-stream/lib/SnippetsFeed.jsm :: uninit :: line 125"  data: no] Stack trace: uninit()@resource://activity-stream/lib/SnippetsFeed.jsm:125 < onAction()@resource://activity-stream/lib/SnippetsFeed.jsm:141 < _middleware/</<()@resource://activity-stream/lib/Store.jsm:51 < Store/this[method]()@resource://activity-stream/lib/Store.jsm:30 < uninit()@resource://activity-stream/lib/Store.jsm:153 < uninit()@resource://activity-stream/lib/ActivityStream.jsm:278 < uninit()@resource://gre/modules/addons/XPIProvider.jsm -> jar:file:///D:/Program%20Files/fireFox/browser/features/activity-stream@mozilla.org.xpi!/bootstrap.js:80 < shutdown()@resource://gre/modules/addons/XPIProvider.jsm -> jar:file:///D:/Program%20Files/fireFox/browser/features/activity-stream@mozilla.org.xpi!/bootstrap.js:196 < callBootstrapMethod()@resource://gre/modules/addons/XPIProvider.jsm:4406 < observe()@resource://gre/modules/addons/XPIProvider.jsm:2270
[Parent 9804, Gecko_IOThread] WARNING: pipe error: 109: file z:/build/build/src/ipc/chromium/src/chrome/common/ipc_channel_win.cc, line 346
[Parent 9804, Gecko_IOThread] WARNING: pipe error: 109: file z:/build/build/src/ipc/chromium/src/chrome/common/ipc_channel_win.cc, line 346
[Child 2876, Chrome_ChildThread] WARNING: pipe error: 109: file z:/build/build/src/ipc/chromium/src/chrome/common/ipc_channel_win.cc, line 346[
Child 11912, Chrome_ChildThread] WARNING: pipe error: 109: file z:/build/build/src/ipc/chromium/src/chrome/common/ipc_channel_win.cc, line 346
[Child 1191[Parent 9804, Gecko_IOThread] WARNING: pipe error: 109: file z:/build/build/src/ipc/chromium/src/chrome/common/ipc_channel_win.cc, line 346
[Child 4208, Chrome_ChildThread] WARNING: pipe error: 109: file z:/build/build/src/ipc/chromium/src/chrome/common/ipc_channel_win.cc, line 346
[Child 4208, C*** UTM:SVC TimerManager:registerTimer called after profile-before-change notification. Ignoring timer registration for id: telemetry_modules_ping
[GPU
###!!! [Child][MessageChannel::SendAndWait] Error: Channel error: cannot send/recv

